[11:50:27] [PARA] i=0 style=<none> text='Generic Template for Final Engineering Report'.
[11:50:28]   Emitted text node: 'Generic Template for Final Engineering Report' parent= order=0
[11:50:28] [PARA] i=1 style=<none> text=''.
[11:50:28]   Skipped: empty or whitespace.
[11:50:28] [PARA] i=2 style=<none> text='Instructions'.
[11:50:28]   Emitted text node: 'Instructions' parent= order=1
[11:50:28] [PARA] i=3 style=<none> text='This document is a generic template for development of a Final Engineering Report (FER) for projects performed under the management of NYSDEC, Division of Environmental Remediation. This document is intended to expedite development of the FER. By providing format and general content guidelines, it is intended to increase the predictability of format and content required for agency approval; shorten the document preparation time by Applicants in the program; improve the quality of draft FER submittals; shorten the review time by NYSDEC; and streamline and expedite the process for FER approval by NYSDEC. This is a generic and non-site-specific guide that does not address all possible NYSDEC or NYSDOH issues. It is not intended to replace DER-10 (Tech Guide) or to act as a substitute for the agency review and comment process.  This template may also be used for development of a Construction Completion Report (CCR).'.
[11:50:28]   Emitted text node: 'This document is a generic template for development of a Final Engineering Report (FER) for projects performed under the management of NYSDEC, Division of Environmental Remediation. This document is intended to expedite development of the FER. By providing format and general content guidelines, it is intended to increase the predictability of format and content required for agency approval; shorten the document preparation time by Applicants in the program; improve the quality of draft FER submittals; shorten the review time by NYSDEC; and streamline and expedite the process for FER approval by NYSDEC. This is a generic and non-site-specific guide that does not address all possible NYSDEC or NYSDOH issues. It is not intended to replace DER-10 (Tech Guide) or to act as a substitute for the agency review and comment process.  This template may also be used for development of a Construction Completion Report (CCR).' parent= order=2
[11:50:28] [PARA] i=4 style=<none> text='This document contains blue text, green text and highlighted bracketed items. Blue text indicates text that is generally acceptable to NYSDEC for use in the site-specific FER. While it must be applied to each site in a manner that is suitable for site-specific conditions, use of this blue text with minimal changes will generally promote a more timely acceptance of the FER by NYSDEC. Green text provides guidance on the recommended content in each of the specific sections of the FER and should be deleted from this template prior to submittal.  Items highlighted in blue brackets are variable and should be entered in a manner that is self-explanatory and specific to each case.'.
[11:50:28]   Emitted text node: 'This document contains blue text, green text and highlighted bracketed items. Blue text indicates text that is generally acceptable to NYSDEC for use in the site-specific FER. While it must be applied to each site in a manner that is suitable for site-specific conditions, use of this blue text with minimal changes will generally promote a more timely acceptance of the FER by NYSDEC. Green text provides guidance on the recommended content in each of the specific sections of the FER and should be deleted from this template prior to submittal.  Items highlighted in blue brackets are variable and should be entered in a manner that is self-explanatory and specific to each case.' parent= order=3
[11:50:28] [PARA] i=5 style=<none> text='It is strongly recommended that the draft FER submittal to NYSDEC adhere to the following conventions:'.
[11:50:28]   Emitted text node: 'It is strongly recommended that the draft FER submittal to NYSDEC adhere to the following conventions:' parent= order=4
[11:50:28] [PARA] i=6 style=<none> text='Retain the original blue text color for all blue text that is not changed.'.
[11:50:28]   Skipped: list item (handled in list logic).
[11:50:28] [PARA] i=7 style=<none> text='Use black text for all new text, including any changes to blue text.'.
[11:50:28]   Skipped: list item (handled in list logic).
[11:50:28] [PARA] i=8 style=<none> text='Delete all green text'.
[11:50:28]   Skipped: list item (handled in list logic).
[11:50:28] [PARA] i=9 style=<none> text='Remove highlights and brackets'.
[11:50:28]   Skipped: list item (handled in list logic).
[11:50:28] [PARA] i=10 style=<none> text='A track changes’ redline/strikeout method should be used for all removal and replacement of blue text.'.
[11:50:28]   Skipped: list item (handled in list logic).
[11:50:28] [PARA] i=11 style=<none> text='The redline/strikeout document should be submitted (with blue text strikeouts in the text and not in the margins) along with a clean copy of the draft FER to NYSDEC.'.
[11:50:28]   Skipped: list item (handled in list logic).
[11:50:28] [PARA] i=12 style=<none> text='While this approach is not mandatory, it may greatly shorten the review time required by NYSDEC staff and approval of the document.'.
[11:50:28]   Emitted text node: 'While this approach is not mandatory, it may greatly shorten the review time required by NYSDEC staff and approval of the document.' parent= order=5
[11:50:28] [PARA] i=13 style=<none> text='The following document is a draft and will be modified and improved periodically. Comments and suggestions for improvement are welcome. Redline/strikeout edits of the template are also welcome. Contact the NYSDEC’s project manager if you would like to make sure that you have the most recent version.'.
[11:50:28]   Emitted text node: 'The following document is a draft and will be modified and improved periodically. Comments and suggestions for improvement are welcome. Redline/strikeout edits of the template are also welcome. Contact the NYSDEC’s project manager if you would like to make sure that you have the most recent version.' parent= order=6
[11:50:28] [PARA] i=14 style=<none> text='Final Engineering Report'.
[11:50:28]   Detected heading by heuristic: section (level 1)
[11:50:28]   Emitted heading node: section 'Final Engineering Report' parent= order=7
[11:50:28] [PARA] i=15 style=<none> text='1.0 Background and site description'.
[11:50:28]   Detected heading by heuristic: subsection (level 2)
[11:50:28]   Emitted heading node: subsection '1.0 Background and site description' parent=90a84bc8-c1f3-4be8-91c3-d340734d7f39 order=0
[11:50:28] [PARA] i=16 style=<none> text='[Applicant name(s)] entered into a [Brownfield Cleanup Agreement (BCA, State Assistance Contract (SAC), Order on Consent, or Voluntary Cleanup Agreement (VCA)] with the New York State Department of Environmental Conservation (NYSDEC) in [month, year], to investigate and remediate a [size]-acre property located in [village, county, city], New York.  The property was remediated to [unrestricted, restricted residential, commercial, industrial] use [if known, enter the following: , and will be used for give specific use] .'.
[11:50:28]   Emitted text node: '[Applicant name(s)] entered into a [Brownfield Cleanup Agreement (BCA, State Assistance Contract (SAC), Order on Consent, or Voluntary Cleanup Agreement (VCA)] with the New York State Department of Environmental Conservation (NYSDEC) in [month, year], to investigate and remediate a [size]-acre property located in [village, county, city], New York.  The property was remediated to [unrestricted, restricted residential, commercial, industrial] use [if known, enter the following: , and will be used for give specific use] .' parent=72edce28-213d-4c1e-b60a-b4dae978b3a8 order=0
[11:50:28] [PARA] i=17 style=<none> text='The site is located in the County of [county], New York and is identified as [a portion of] Block xxxx and Lot xxx on the [municipality] Tax Map # [tax map number].  The site is situated on an approximately [x]-acre area bounded by [road or feature] to the north, [road or feature] to the south, [road or feature] to the east, and [road or feature]  to the west (see Figure 1).  The boundaries of the site are fully described in Appendix A:  Survey Map, Metes and Bounds.'.
[11:50:28]   Emitted text node: 'The site is located in the County of [county], New York and is identified as [a portion of] Block xxxx and Lot xxx on the [municipality] Tax Map # [tax map number].  The site is situated on an approximately [x]-acre area bounded by [road or feature] to the north, [road or feature] to the south, [road or feature] to the east, and [road or feature]  to the west (see Figure 1).  The boundaries of the site are fully described in Appendix A:  Survey Map, Metes and Bounds.' parent=72edce28-213d-4c1e-b60a-b4dae978b3a8 order=1
[11:50:28] [PARA] i=18 style=<none> text='If the boundaries of the project site in the legal agreement don’t match the tax map boundaries, this should be discussed.  Landmarks or other physical boundaries of the project site should be provided.  The survey should identify permanent survey markers for horizontal and vertical control of site features.'.
[11:50:28]   Emitted text node: 'If the boundaries of the project site in the legal agreement don’t match the tax map boundaries, this should be discussed.  Landmarks or other physical boundaries of the project site should be provided.  The survey should identify permanent survey markers for horizontal and vertical control of site features.' parent=72edce28-213d-4c1e-b60a-b4dae978b3a8 order=2
[11:50:28] [PARA] i=19 style=<none> text='The site boundaries in detailed in Appendix A must match the boundaries in the legal agreement.'.
[11:50:28]   Emitted text node: 'The site boundaries in detailed in Appendix A must match the boundaries in the legal agreement.' parent=72edce28-213d-4c1e-b60a-b4dae978b3a8 order=3
[11:50:28] [PARA] i=20 style=<none> text='An electronic copy of this FER with all supporting documentation is included as Appendix B.'.
[11:50:28]   Emitted text node: 'An electronic copy of this FER with all supporting documentation is included as Appendix B.' parent=72edce28-213d-4c1e-b60a-b4dae978b3a8 order=4
[11:50:28] [PARA] i=21 style=<none> text=''.
[11:50:28]   Skipped: empty or whitespace.
